MPASM  5.50                        SOURCE.ASM   1-3-2022  17:36:33         PAGE  1


LOC  OBJECT CODE     LINE SOURCE TEXT
  VALUE

Warning[205]: Found directive in column 1. (PROCESSOR)
                      00001 PROCESSOR 16F877
Warning[205]: Found directive in column 1. (__CONFIG)
2007   3731           00002 __CONFIG 0x3731
Warning[205]: Found directive in column 1. (include)
                      00003 include "P16f877a.INC" 
                      00001         LIST
                      00002 
                      00003 ;==========================================================================
                      00004 ;  MPASM PIC16F877A processor include
                      00005 ; 
                      00006 ;  (c) Copyright 1999-2013 Microchip Technology, All rights reserved
                      00007 ;==========================================================================
                      00008 
                      00566         LIST
Warning[205]: Found directive in column 1. (cblock)
                      00004 cblock 0x70
  00000070            00005         c1
  00000071            00006         c2
  00000072            00007         c3
  00000073            00008         c4
  00000074            00009         temp
  00000075            00010         inc_val
  00000076            00011         sleep_val
  00000077            00012         current
Warning[205]: Found directive in column 1. (ENDC)
                      00013 endc
                      00014 
Warning[205]: Found directive in column 1. (org)
                      00015 org 00
Warning[203]: Found opcode in column 1. (goto)
0000   2???           00016 goto start
Warning[205]: Found directive in column 1. (org)
                      00017 org 04
Warning[203]: Found opcode in column 1. (goto)
0004   2???           00018 goto ISR
                      00019 
0005                  00020 start
                      00021 
Warning[203]: Found opcode in column 1. (movlw)
0005   3001           00022 movlw d'1'
Warning[203]: Found opcode in column 1. (movwf)
0006   00F5           00023 movwf inc_val
                      00024 
Warning[203]: Found opcode in column 1. (movlw)
0007   3001           00025 movlw d'1'
Warning[203]: Found opcode in column 1. (movwf)
0008   00F6           00026 movwf sleep_val
                      00027 
Warning[203]: Found opcode in column 1. (movlw)
0009   3000           00028 movlw d'0'
Warning[203]: Found opcode in column 1. (movwf)
000A   00F7           00029 movwf current
MPASM  5.50                        SOURCE.ASM   1-3-2022  17:36:33         PAGE  2


LOC  OBJECT CODE     LINE SOURCE TEXT
  VALUE

                      00030 
Warning[205]: Found directive in column 1. (banksel)
000B   1683 1303      00031 banksel TRISB
Warning[203]: Found opcode in column 1. (movlw)
000D   3011           00032 movlw b'00010001'
Warning[203]: Found opcode in column 1. (movwf)
Message[302]: Register in operand not in bank 0.  Ensure that bank bits are correct.
000E   0086           00033 movwf TRISB
                      00034 
Warning[205]: Found directive in column 1. (banksel)
000F   1683 1303      00035 banksel TRISD
Warning[203]: Found opcode in column 1. (movlw)
0011   3000           00036 movlw b'00000000'
Warning[203]: Found opcode in column 1. (movwf)
Message[302]: Register in operand not in bank 0.  Ensure that bank bits are correct.
0012   0088           00037 movwf TRISD
                      00038 
Warning[205]: Found directive in column 1. (banksel)
0013   1283 1303      00039 banksel PORTD
Warning[203]: Found opcode in column 1. (movlw)
0015   3000           00040 movlw d'0'
Warning[203]: Found opcode in column 1. (movwf)
0016   0088           00041 movwf PORTD
                      00042 
Warning[205]: Found directive in column 1. (banksel)
0017   1283 1303      00043 banksel INTCON
Warning[203]: Found opcode in column 1. (movlw)
0019   3098           00044 movlw b'10011000'
Warning[203]: Found opcode in column 1. (movwf)
001A   008B           00045 movwf INTCON
                      00046 
                      00047 
                      00048 
Warning[205]: Found directive in column 1. (banksel)
001B   1683 1303      00049 banksel OPTION_REG
Warning[203]: Found opcode in column 1. (bcf)
Message[302]: Register in operand not in bank 0.  Ensure that bank bits are correct.
001D   1381           00050 bcf OPTION_REG,7
                      00051 
001E                  00052 loop 
001E   1283 1303      00053         banksel PORTD
0020   0875           00054         movf inc_val,w
0021   07F7           00055         addwf current,f
                      00056 
0022   1EF7           00057         btfss current,5
0023   2???           00058         goto no_carry
                      00059 
Warning[207]: Found label after column 1. (carry)
0024                  00060         carry
0024   3000           00061         movlw d'0'
0025   00F7           00062         movwf current
0026   0088           00063         movwf PORTD
0027   2???           00064         goto enn
MPASM  5.50                        SOURCE.ASM   1-3-2022  17:36:33         PAGE  3


LOC  OBJECT CODE     LINE SOURCE TEXT
  VALUE

                      00065         
Warning[207]: Found label after column 1. (no_carry)
0028                  00066         no_carry
0028   1283 1303      00067         banksel PORTD
002A   0877           00068         movf current,w
002B   0088           00069         movwf PORTD
                      00070         
Warning[207]: Found label after column 1. (enn)
002C                  00071         enn
002C   2???           00072         call fun_delay
002D   0064           00073         clrwdt
002E   2???           00074         goto loop
                      00075 
                      00076 
002F                  00077 fun_delay
                      00078 
002F   0876           00079         movf sleep_val,w
0030   00F4           00080         movwf temp
0031   3000           00081         movlw 0
                      00082 
Warning[207]: Found label after column 1. (loop5)
0032                  00083         loop5
0032   3E04           00084                 addlw d'4'
0033   0BF4           00085                 decfsz temp,f
0034   2???           00086                 goto loop5
                      00087 
0035   00F2           00088         movwf c3
Warning[207]: Found label after column 1. (loop3)
0036                  00089         loop3
0036   30C8           00090             movlw d'200'
0037   00F1           00091             movwf c2
Warning[207]: Found label after column 1. (loop2)
0038                  00092             loop2
0038   30FA           00093                 movlw d'250'
0039   00F0           00094                 movwf c1
Warning[207]: Found label after column 1. (loop1)
003A                  00095                 loop1
003A   0000           00096                     nop
003B   0000           00097                     nop
003C   0BF0           00098                     decfsz c1, f
003D   2???           00099                 goto loop1
003E   0BF1           00100                 decfsz c2, f
003F   2???           00101             goto loop2
0040   0BF2           00102             decfsz c3, f
                      00103         
0041   2???           00104         goto loop3
                      00105 
                      00106 
Warning[203]: Found opcode in column 1. (return)
0042   0008           00107 return
                      00108 
                      00109 
0043                  00110 ISR
MPASM  5.50                        SOURCE.ASM   1-3-2022  17:36:33         PAGE  4


LOC  OBJECT CODE     LINE SOURCE TEXT
  VALUE

0043   1283 1303      00111         banksel INTCON
0045   188B           00112         btfsc INTCON, INTF
0046   2???           00113         goto first
                      00114         
0047   1C0B           00115         btfss INTCON,RBIF
0048   2???           00116         goto donee
                      00117         
0049   1283 1303      00118         banksel PORTB
004B   1A06           00119         btfsc PORTB,4
004C   2???           00120         goto second
004D   2???           00121         goto done
                      00122         
Warning[207]: Found label after column 1. (first)
004E                  00123         first
004E   0875           00124                 movf inc_val,w
004F   3E01           00125                 addlw d'1'
0050   00F5           00126                 movwf inc_val
0051   3C06           00127                 sublw d'6'
0052   1283 1303      00128                 banksel STATUS
0054   1D03           00129                 btfss STATUS,2
0055   2???           00130                 goto done
0056   3001           00131                 movlw d'1'
0057   00F5           00132                 movwf inc_val
0058   2???           00133                 goto done
                      00134         
Warning[207]: Found label after column 1. (second)
0059                  00135         second
0059   0876           00136                 movf sleep_val,w
005A   3E01           00137                 addlw d'1'
005B   00F6           00138                 movwf sleep_val
005C   3C06           00139                 sublw d'6'
005D   1283 1303      00140                 banksel STATUS
005F   1D03           00141                 btfss STATUS,2
0060   2???           00142                 goto done
0061   3001           00143                 movlw d'1'
0062   00F6           00144                 movwf sleep_val
                      00145         
Warning[207]: Found label after column 1. (done)
0063                  00146         done
0063   1283 1303      00147                 banksel INTCON
0065   100B           00148                 bcf INTCON,RBIF
0066   108B           00149                 bcf INTCON,INTF
                      00150 
0067   0009           00151 donee retfie
Warning[205]: Found directive in column 1. (end)
3731                  00152 end
MPASM  5.50                        SOURCE.ASM   1-3-2022  17:36:33         PAGE  5


SYMBOL TABLE
  LABEL                             VALUE 

ACKDT                             00000005
ACKEN                             00000004
ACKSTAT                           00000006
ADCON0                            0000001F
ADCON1                            0000009F
ADCS0                             00000006
ADCS1                             00000007
ADCS2                             00000006
ADDEN                             00000003
ADFM                              00000007
ADIE                              00000006
ADIF                              00000006
ADON                              00000000
ADRESH                            0000001E
ADRESL                            0000009E
BCLIE                             00000003
BCLIF                             00000003
BF                                00000000
BRGH                              00000002
C                                 00000000
C1INV                             00000004
C1OUT                             00000006
C2INV                             00000005
C2OUT                             00000007
CCP1CON                           00000017
CCP1IE                            00000002
CCP1IF                            00000002
CCP1M0                            00000000
CCP1M1                            00000001
CCP1M2                            00000002
CCP1M3                            00000003
CCP1X                             00000005
CCP1Y                             00000004
CCP2CON                           0000001D
CCP2IE                            00000000
CCP2IF                            00000000
CCP2M0                            00000000
CCP2M1                            00000001
CCP2M2                            00000002
CCP2M3                            00000003
CCP2X                             00000005
CCP2Y                             00000004
CCPR1                             00000015
CCPR1H                            00000016
CCPR1L                            00000015
CCPR2                             0000001B
CCPR2H                            0000001C
CCPR2L                            0000001B
CHS0                              00000003
CHS1                              00000004
CHS2                              00000005
CIS                               00000003
CKE                               00000006
MPASM  5.50                        SOURCE.ASM   1-3-2022  17:36:33         PAGE  6


SYMBOL TABLE
  LABEL                             VALUE 

CKP                               00000004
CM0                               00000000
CM1                               00000001
CM2                               00000002
CMCON                             0000009C
CMIE                              00000006
CMIF                              00000006
CREN                              00000004
CSRC                              00000007
CVR0                              00000000
CVR1                              00000001
CVR2                              00000002
CVR3                              00000003
CVRCON                            0000009D
CVREN                             00000007
CVROE                             00000006
CVRR                              00000005
D                                 00000005
DATA_ADDRESS                      00000005
DC                                00000001
D_A                               00000005
D_NOT_A                           00000005
EEADR                             0000010D
EEADRH                            0000010F
EECON1                            0000018C
EECON2                            0000018D
EEDATA                            0000010C
EEDATH                            0000010E
EEIE                              00000004
EEIF                              00000004
EEPGD                             00000007
F                                 00000001
FERR                              00000002
FSR                               00000004
GCEN                              00000007
GIE                               00000007
GO                                00000002
GO_DONE                           00000002
GO_NOT_DONE                       00000002
I2C_DATA                          00000005
I2C_READ                          00000002
I2C_START                         00000003
I2C_STOP                          00000004
IBF                               00000007
IBOV                              00000005
INDF                              00000000
INTCON                            0000000B
INTE                              00000004
INTEDG                            00000006
INTF                              00000001
IRP                               00000007
ISR                               00000043
NOT_A                             00000005
MPASM  5.50                        SOURCE.ASM   1-3-2022  17:36:33         PAGE  7


SYMBOL TABLE
  LABEL                             VALUE 

NOT_ADDRESS                       00000005
NOT_BO                            00000000
NOT_BOR                           00000000
NOT_DONE                          00000002
NOT_PD                            00000003
NOT_POR                           00000001
NOT_RBPU                          00000007
NOT_RC8                           00000006
NOT_T1SYNC                        00000002
NOT_TO                            00000004
NOT_TX8                           00000006
NOT_W                             00000002
NOT_WRITE                         00000002
OBF                               00000006
OERR                              00000001
OPTION_REG                        00000081
P                                 00000004
PCFG0                             00000000
PCFG1                             00000001
PCFG2                             00000002
PCFG3                             00000003
PCL                               00000002
PCLATH                            0000000A
PCON                              0000008E
PEIE                              00000006
PEN                               00000002
PIE1                              0000008C
PIE2                              0000008D
PIR1                              0000000C
PIR2                              0000000D
PORTA                             00000005
PORTB                             00000006
PORTC                             00000007
PORTD                             00000008
PORTE                             00000009
PR2                               00000092
PS0                               00000000
PS1                               00000001
PS2                               00000002
PSA                               00000003
PSPIE                             00000007
PSPIF                             00000007
PSPMODE                           00000004
R                                 00000002
RA0                               00000000
RA1                               00000001
RA2                               00000002
RA3                               00000003
RA4                               00000004
RA5                               00000005
RB0                               00000000
RB1                               00000001
RB2                               00000002
MPASM  5.50                        SOURCE.ASM   1-3-2022  17:36:33         PAGE  8


SYMBOL TABLE
  LABEL                             VALUE 

RB3                               00000003
RB4                               00000004
RB5                               00000005
RB6                               00000006
RB7                               00000007
RBIE                              00000003
RBIF                              00000000
RC0                               00000000
RC1                               00000001
RC2                               00000002
RC3                               00000003
RC4                               00000004
RC5                               00000005
RC6                               00000006
RC7                               00000007
RC8_9                             00000006
RC9                               00000006
RCD8                              00000000
RCEN                              00000003
RCIE                              00000005
RCIF                              00000005
RCREG                             0000001A
RCSTA                             00000018
RD                                00000000
RD0                               00000000
RD1                               00000001
RD2                               00000002
RD3                               00000003
RD4                               00000004
RD5                               00000005
RD6                               00000006
RD7                               00000007
RE0                               00000000
RE1                               00000001
RE2                               00000002
READ_WRITE                        00000002
RP0                               00000005
RP1                               00000006
RSEN                              00000001
RX9                               00000006
RX9D                              00000000
R_NOT_W                           00000002
R_W                               00000002
S                                 00000003
SEN                               00000000
SMP                               00000007
SPBRG                             00000099
SPEN                              00000007
SREN                              00000005
SSPADD                            00000093
SSPBUF                            00000013
SSPCON                            00000014
SSPCON2                           00000091
MPASM  5.50                        SOURCE.ASM   1-3-2022  17:36:33         PAGE  9


SYMBOL TABLE
  LABEL                             VALUE 

SSPEN                             00000005
SSPIE                             00000003
SSPIF                             00000003
SSPM0                             00000000
SSPM1                             00000001
SSPM2                             00000002
SSPM3                             00000003
SSPOV                             00000006
SSPSTAT                           00000094
STATUS                            00000003
SYNC                              00000004
T0CS                              00000005
T0IE                              00000005
T0IF                              00000002
T0SE                              00000004
T1CKPS0                           00000004
T1CKPS1                           00000005
T1CON                             00000010
T1INSYNC                          00000002
T1OSCEN                           00000003
T1SYNC                            00000002
T2CKPS0                           00000000
T2CKPS1                           00000001
T2CON                             00000012
TMR0                              00000001
TMR0IE                            00000005
TMR0IF                            00000002
TMR1                              0000000E
TMR1CS                            00000001
TMR1H                             0000000F
TMR1IE                            00000000
TMR1IF                            00000000
TMR1L                             0000000E
TMR1ON                            00000000
TMR2                              00000011
TMR2IE                            00000001
TMR2IF                            00000001
TMR2ON                            00000002
TOUTPS0                           00000003
TOUTPS1                           00000004
TOUTPS2                           00000005
TOUTPS3                           00000006
TRISA                             00000085
TRISA0                            00000000
TRISA1                            00000001
TRISA2                            00000002
TRISA3                            00000003
TRISA4                            00000004
TRISA5                            00000005
TRISB                             00000086
TRISB0                            00000000
TRISB1                            00000001
TRISB2                            00000002
MPASM  5.50                        SOURCE.ASM   1-3-2022  17:36:33         PAGE 10


SYMBOL TABLE
  LABEL                             VALUE 

TRISB3                            00000003
TRISB4                            00000004
TRISB5                            00000005
TRISB6                            00000006
TRISB7                            00000007
TRISC                             00000087
TRISC0                            00000000
TRISC1                            00000001
TRISC2                            00000002
TRISC3                            00000003
TRISC4                            00000004
TRISC5                            00000005
TRISC6                            00000006
TRISC7                            00000007
TRISD                             00000088
TRISD0                            00000000
TRISD1                            00000001
TRISD2                            00000002
TRISD3                            00000003
TRISD4                            00000004
TRISD5                            00000005
TRISD6                            00000006
TRISD7                            00000007
TRISE                             00000089
TRISE0                            00000000
TRISE1                            00000001
TRISE2                            00000002
TRMT                              00000001
TX8_9                             00000006
TX9                               00000006
TX9D                              00000000
TXD8                              00000000
TXEN                              00000005
TXIE                              00000004
TXIF                              00000004
TXREG                             00000019
TXSTA                             00000098
UA                                00000001
W                                 00000000
WCOL                              00000007
WR                                00000001
WREN                              00000002
WRERR                             00000003
Z                                 00000002
_BODEN_OFF                        00003FBF
_BODEN_ON                         00003FFF
_BOREN_OFF                        00003FBF
_BOREN_ON                         00003FFF
_CONFIG                           00002007
_CPD_OFF                          00003FFF
_CPD_ON                           00003EFF
_CP_ALL                           00001FFF
_CP_OFF                           00003FFF
MPASM  5.50                        SOURCE.ASM   1-3-2022  17:36:33         PAGE 11


SYMBOL TABLE
  LABEL                             VALUE 

_CP_ON                            00001FFF
_DEBUG_OFF                        00003FFF
_DEBUG_ON                         000037FF
_DEVID1                           00002006
_FOSC_EXTRC                       00003FFF
_FOSC_HS                          00003FFE
_FOSC_LP                          00003FFC
_FOSC_XT                          00003FFD
_HS_OSC                           00003FFE
_IDLOC0                           00002000
_IDLOC1                           00002001
_IDLOC2                           00002002
_IDLOC3                           00002003
_LP_OSC                           00003FFC
_LVP_OFF                          00003F7F
_LVP_ON                           00003FFF
_PWRTE_OFF                        00003FFF
_PWRTE_ON                         00003FF7
_RC_OSC                           00003FFF
_WDTE_OFF                         00003FFB
_WDTE_ON                          00003FFF
_WDT_OFF                          00003FFB
_WDT_ON                           00003FFF
_WRT_1FOURTH                      00003BFF
_WRT_256                          00003DFF
_WRT_HALF                         000039FF
_WRT_OFF                          00003FFF
_XT_OSC                           00003FFD
__16F877A                         00000001
__DEBUG                           1
__MPLAB_DEBUGGER_ICD2             1
c1                                00000070
c2                                00000071
c3                                00000072
c4                                00000073
carry                             00000024
current                           00000077
done                              00000063
donee                             00000067
enn                               0000002C
first                             0000004E
fun_delay                         0000002F
inc_val                           00000075
loop                              0000001E
loop1                             0000003A
loop2                             00000038
loop3                             00000036
loop5                             00000032
no_carry                          00000028
second                            00000059
sleep_val                         00000076
start                             00000005
temp                              00000074
MPASM  5.50                        SOURCE.ASM   1-3-2022  17:36:33         PAGE 12






Errors   :     0
Warnings :    41 reported,     0 suppressed
Messages :     3 reported,     0 suppressed

