Warning[205] C:\USERS\USER\DESKTOP\PROJECT 4 PIC MICROCONTROLLER\SOURCE.ASM 1 : Found directive in column 1. (PROCESSOR)
Warning[205] C:\USERS\USER\DESKTOP\PROJECT 4 PIC MICROCONTROLLER\SOURCE.ASM 2 : Found directive in column 1. (__CONFIG)
Warning[205] C:\USERS\USER\DESKTOP\PROJECT 4 PIC MICROCONTROLLER\SOURCE.ASM 3 : Found directive in column 1. (include)
Warning[205] C:\USERS\USER\DESKTOP\PROJECT 4 PIC MICROCONTROLLER\SOURCE.ASM 4 : Found directive in column 1. (cblock)
Warning[205] C:\USERS\USER\DESKTOP\PROJECT 4 PIC MICROCONTROLLER\SOURCE.ASM 13 : Found directive in column 1. (ENDC)
Warning[205] C:\USERS\USER\DESKTOP\PROJECT 4 PIC MICROCONTROLLER\SOURCE.ASM 15 : Found directive in column 1. (org)
Warning[203] C:\USERS\USER\DESKTOP\PROJECT 4 PIC MICROCONTROLLER\SOURCE.ASM 16 : Found opcode in column 1. (goto)
Warning[205] C:\USERS\USER\DESKTOP\PROJECT 4 PIC MICROCONTROLLER\SOURCE.ASM 17 : Found directive in column 1. (org)
Warning[203] C:\USERS\USER\DESKTOP\PROJECT 4 PIC MICROCONTROLLER\SOURCE.ASM 18 : Found opcode in column 1. (goto)
Warning[203] C:\USERS\USER\DESKTOP\PROJECT 4 PIC MICROCONTROLLER\SOURCE.ASM 22 : Found opcode in column 1. (movlw)
Warning[203] C:\USERS\USER\DESKTOP\PROJECT 4 PIC MICROCONTROLLER\SOURCE.ASM 23 : Found opcode in column 1. (movwf)
Warning[203] C:\USERS\USER\DESKTOP\PROJECT 4 PIC MICROCONTROLLER\SOURCE.ASM 25 : Found opcode in column 1. (movlw)
Warning[203] C:\USERS\USER\DESKTOP\PROJECT 4 PIC MICROCONTROLLER\SOURCE.ASM 26 : Found opcode in column 1. (movwf)
Warning[203] C:\USERS\USER\DESKTOP\PROJECT 4 PIC MICROCONTROLLER\SOURCE.ASM 28 : Found opcode in column 1. (movlw)
Warning[203] C:\USERS\USER\DESKTOP\PROJECT 4 PIC MICROCONTROLLER\SOURCE.ASM 29 : Found opcode in column 1. (movwf)
Warning[205] C:\USERS\USER\DESKTOP\PROJECT 4 PIC MICROCONTROLLER\SOURCE.ASM 31 : Found directive in column 1. (banksel)
Warning[203] C:\USERS\USER\DESKTOP\PROJECT 4 PIC MICROCONTROLLER\SOURCE.ASM 32 : Found opcode in column 1. (movlw)
Warning[203] C:\USERS\USER\DESKTOP\PROJECT 4 PIC MICROCONTROLLER\SOURCE.ASM 33 : Found opcode in column 1. (movwf)
Message[302] C:\USERS\USER\DESKTOP\PROJECT 4 PIC MICROCONTROLLER\SOURCE.ASM 33 : Register in operand not in bank 0.  Ensure that bank bits are correct.
Warning[205] C:\USERS\USER\DESKTOP\PROJECT 4 PIC MICROCONTROLLER\SOURCE.ASM 35 : Found directive in column 1. (banksel)
Warning[203] C:\USERS\USER\DESKTOP\PROJECT 4 PIC MICROCONTROLLER\SOURCE.ASM 36 : Found opcode in column 1. (movlw)
Warning[203] C:\USERS\USER\DESKTOP\PROJECT 4 PIC MICROCONTROLLER\SOURCE.ASM 37 : Found opcode in column 1. (movwf)
Message[302] C:\USERS\USER\DESKTOP\PROJECT 4 PIC MICROCONTROLLER\SOURCE.ASM 37 : Register in operand not in bank 0.  Ensure that bank bits are correct.
Warning[205] C:\USERS\USER\DESKTOP\PROJECT 4 PIC MICROCONTROLLER\SOURCE.ASM 39 : Found directive in column 1. (banksel)
Warning[203] C:\USERS\USER\DESKTOP\PROJECT 4 PIC MICROCONTROLLER\SOURCE.ASM 40 : Found opcode in column 1. (movlw)
Warning[203] C:\USERS\USER\DESKTOP\PROJECT 4 PIC MICROCONTROLLER\SOURCE.ASM 41 : Found opcode in column 1. (movwf)
Warning[205] C:\USERS\USER\DESKTOP\PROJECT 4 PIC MICROCONTROLLER\SOURCE.ASM 43 : Found directive in column 1. (banksel)
Warning[203] C:\USERS\USER\DESKTOP\PROJECT 4 PIC MICROCONTROLLER\SOURCE.ASM 44 : Found opcode in column 1. (movlw)
Warning[203] C:\USERS\USER\DESKTOP\PROJECT 4 PIC MICROCONTROLLER\SOURCE.ASM 45 : Found opcode in column 1. (movwf)
Warning[205] C:\USERS\USER\DESKTOP\PROJECT 4 PIC MICROCONTROLLER\SOURCE.ASM 49 : Found directive in column 1. (banksel)
Warning[203] C:\USERS\USER\DESKTOP\PROJECT 4 PIC MICROCONTROLLER\SOURCE.ASM 50 : Found opcode in column 1. (bcf)
Message[302] C:\USERS\USER\DESKTOP\PROJECT 4 PIC MICROCONTROLLER\SOURCE.ASM 50 : Register in operand not in bank 0.  Ensure that bank bits are correct.
Warning[207] C:\USERS\USER\DESKTOP\PROJECT 4 PIC MICROCONTROLLER\SOURCE.ASM 60 : Found label after column 1. (carry)
Warning[207] C:\USERS\USER\DESKTOP\PROJECT 4 PIC MICROCONTROLLER\SOURCE.ASM 66 : Found label after column 1. (no_carry)
Warning[207] C:\USERS\USER\DESKTOP\PROJECT 4 PIC MICROCONTROLLER\SOURCE.ASM 71 : Found label after column 1. (enn)
Warning[207] C:\USERS\USER\DESKTOP\PROJECT 4 PIC MICROCONTROLLER\SOURCE.ASM 83 : Found label after column 1. (loop5)
Warning[207] C:\USERS\USER\DESKTOP\PROJECT 4 PIC MICROCONTROLLER\SOURCE.ASM 89 : Found label after column 1. (loop3)
Warning[207] C:\USERS\USER\DESKTOP\PROJECT 4 PIC MICROCONTROLLER\SOURCE.ASM 92 : Found label after column 1. (loop2)
Warning[207] C:\USERS\USER\DESKTOP\PROJECT 4 PIC MICROCONTROLLER\SOURCE.ASM 95 : Found label after column 1. (loop1)
Warning[203] C:\USERS\USER\DESKTOP\PROJECT 4 PIC MICROCONTROLLER\SOURCE.ASM 107 : Found opcode in column 1. (return)
Warning[207] C:\USERS\USER\DESKTOP\PROJECT 4 PIC MICROCONTROLLER\SOURCE.ASM 123 : Found label after column 1. (first)
Warning[207] C:\USERS\USER\DESKTOP\PROJECT 4 PIC MICROCONTROLLER\SOURCE.ASM 135 : Found label after column 1. (second)
Warning[207] C:\USERS\USER\DESKTOP\PROJECT 4 PIC MICROCONTROLLER\SOURCE.ASM 146 : Found label after column 1. (done)
Warning[205] C:\USERS\USER\DESKTOP\PROJECT 4 PIC MICROCONTROLLER\SOURCE.ASM 152 : Found directive in column 1. (end)
